2021-04-12 15:45:45,039 INFO com.example.library.LibraryApplication [main] Starting LibraryApplication using Java 11.0.10 on Computer with PID 18656 (C:\Users\Pashtet\Desktop\spring\library\target\classes started by Pashtet in C:\Users\Pashtet\Desktop\spring\library)
2021-04-12 15:45:45,043 INFO com.example.library.LibraryApplication [main] No active profile set, falling back to default profiles: default
2021-04-12 15:45:45,773 INFO org.springframework.boot.web.embedded.tomcat.TomcatWebServer [main] Tomcat initialized with port(s): 8080 (http)
2021-04-12 15:45:45,779 INFO org.apache.catalina.core.StandardService [main] Starting service [Tomcat]
2021-04-12 15:45:45,780 INFO org.apache.catalina.core.StandardEngine [main] Starting Servlet engine: [Apache Tomcat/9.0.44]
2021-04-12 15:45:45,841 INFO org.apache.catalina.core.ContainerBase.[Tomcat].[localhost].[/] [main] Initializing Spring embedded WebApplicationContext
2021-04-12 15:45:45,841 INFO org.springframework.boot.web.servlet.context.ServletWebServerApplicationContext [main] Root WebApplicationContext: initialization completed in 765 ms
2021-04-12 15:45:46,004 INFO org.springframework.scheduling.concurrent.ThreadPoolTaskExecutor [main] Initializing ExecutorService 'applicationTaskExecutor'
2021-04-12 15:45:46,173 INFO org.springframework.boot.actuate.endpoint.web.EndpointLinksResolver [main] Exposing 14 endpoint(s) beneath base path '/actuator'
2021-04-12 15:45:46,205 INFO org.springframework.boot.web.embedded.tomcat.TomcatWebServer [main] Tomcat started on port(s): 8080 (http) with context path ''
2021-04-12 15:45:46,216 INFO com.example.library.LibraryApplication [main] Started LibraryApplication in 1.506 seconds (JVM running for 2.094)
2021-04-12 15:45:46,598 INFO org.apache.catalina.core.ContainerBase.[Tomcat].[localhost].[/] [RMI TCP Connection(2)-192.168.56.1] Initializing Spring DispatcherServlet 'dispatcherServlet'
2021-04-12 15:45:46,598 INFO org.springframework.web.servlet.DispatcherServlet [RMI TCP Connection(2)-192.168.56.1] Initializing Servlet 'dispatcherServlet'
2021-04-12 15:45:46,599 INFO org.springframework.web.servlet.DispatcherServlet [RMI TCP Connection(2)-192.168.56.1] Completed initialization in 0 ms
2021-04-12 15:46:32,079 WARN org.apache.catalina.util.SessionIdGeneratorBase [http-nio-8080-exec-1] Creation of SecureRandom instance for session ID generation using [SHA1PRNG] took [104] milliseconds.
2021-04-12 15:46:32,081 INFO com.example.library.interceptor.LoggerInterceptor [http-nio-8080-exec-1] [preHandle][POST]/users Session id: 7C2D77BF489B1DC5F83410AE98D15941
2021-04-12 15:53:25,638 INFO com.example.library.interceptor.LoggerInterceptor [http-nio-8080-exec-6] [preHandle][GET]/library Session id: B96E90B3E3C768ABEAC7EDED846762F8
2021-04-12 15:53:25,643 INFO com.example.library.interceptor.LoggerInterceptor [http-nio-8080-exec-6] [preHandle][GET]/error Session id: B96E90B3E3C768ABEAC7EDED846762F8
2021-04-12 15:53:35,624 INFO com.example.library.interceptor.LoggerInterceptor [http-nio-8080-exec-5] [preHandle][GET]/users/username Session id: B96E90B3E3C768ABEAC7EDED846762F8
2021-04-12 15:53:35,794 INFO com.example.library.interceptor.LoggerInterceptor [http-nio-8080-exec-4] [preHandle][GET]/favicon.ico Session id: B96E90B3E3C768ABEAC7EDED846762F8
2021-04-12 15:53:35,797 INFO com.example.library.interceptor.LoggerInterceptor [http-nio-8080-exec-4] [preHandle][GET]/error Session id: B96E90B3E3C768ABEAC7EDED846762F8
2021-04-12 15:53:48,321 INFO com.example.library.interceptor.LoggerInterceptor [http-nio-8080-exec-8] [preHandle][GET]/users/usernamed Session id: B96E90B3E3C768ABEAC7EDED846762F8
2021-04-12 15:53:48,329 ERROR org.apache.catalina.core.ContainerBase.[Tomcat].[localhost].[/].[dispatcherServlet] [http-nio-8080-exec-8] Servlet.service() for servlet [dispatcherServlet] in context with path [] threw exception [Request processing failed; nested exception is java.lang.RuntimeException] with root cause
java.lang.RuntimeException: null
	at java.base/java.util.Optional.orElseThrow(Optional.java:408)
	at com.example.library.repository.impl.UserRepositoryImpl.getUser(UserRepositoryImpl.java:23)
	at com.example.library.service.impl.UserServiceImpl.getUser(UserServiceImpl.java:30)
	at com.example.library.controller.UserController.getUser(UserController.java:24)
	at java.base/jdk.internal.reflect.NativeMethodAccessorImpl.invoke0(Native Method)
	at java.base/jdk.internal.reflect.NativeMethodAccessorImpl.invoke(NativeMethodAccessorImpl.java:62)
	at java.base/jdk.internal.reflect.DelegatingMethodAccessorImpl.invoke(DelegatingMethodAccessorImpl.java:43)
	at java.base/java.lang.reflect.Method.invoke(Method.java:566)
	at org.springframework.web.method.support.InvocableHandlerMethod.doInvoke(InvocableHandlerMethod.java:197)
	at org.springframework.web.method.support.InvocableHandlerMethod.invokeForRequest(InvocableHandlerMethod.java:141)
	at org.springframework.web.servlet.mvc.method.annotation.ServletInvocableHandlerMethod.invokeAndHandle(ServletInvocableHandlerMethod.java:106)
	at org.springframework.web.servlet.mvc.method.annotation.RequestMappingHandlerAdapter.invokeHandlerMethod(RequestMappingHandlerAdapter.java:894)
	at org.springframework.web.servlet.mvc.method.annotation.RequestMappingHandlerAdapter.handleInternal(RequestMappingHandlerAdapter.java:808)
	at org.springframework.web.servlet.mvc.method.AbstractHandlerMethodAdapter.handle(AbstractHandlerMethodAdapter.java:87)
	at org.springframework.web.servlet.DispatcherServlet.doDispatch(DispatcherServlet.java:1060)
	at org.springframework.web.servlet.DispatcherServlet.doService(DispatcherServlet.java:962)
	at org.springframework.web.servlet.FrameworkServlet.processRequest(FrameworkServlet.java:1006)
	at org.springframework.web.servlet.FrameworkServlet.doGet(FrameworkServlet.java:898)
	at javax.servlet.http.HttpServlet.service(HttpServlet.java:626)
	at org.springframework.web.servlet.FrameworkServlet.service(FrameworkServlet.java:883)
	at javax.servlet.http.HttpServlet.service(HttpServlet.java:733)
	at org.apache.catalina.core.ApplicationFilterChain.internalDoFilter(ApplicationFilterChain.java:227)
	at org.apache.catalina.core.ApplicationFilterChain.doFilter(ApplicationFilterChain.java:162)
	at org.apache.tomcat.websocket.server.WsFilter.doFilter(WsFilter.java:53)
	at org.apache.catalina.core.ApplicationFilterChain.internalDoFilter(ApplicationFilterChain.java:189)
	at org.apache.catalina.core.ApplicationFilterChain.doFilter(ApplicationFilterChain.java:162)
	at org.springframework.web.filter.RequestContextFilter.doFilterInternal(RequestContextFilter.java:100)
	at org.springframework.web.filter.OncePerRequestFilter.doFilter(OncePerRequestFilter.java:119)
	at org.apache.catalina.core.ApplicationFilterChain.internalDoFilter(ApplicationFilterChain.java:189)
	at org.apache.catalina.core.ApplicationFilterChain.doFilter(ApplicationFilterChain.java:162)
	at org.springframework.web.filter.FormContentFilter.doFilterInternal(FormContentFilter.java:93)
	at org.springframework.web.filter.OncePerRequestFilter.doFilter(OncePerRequestFilter.java:119)
	at org.apache.catalina.core.ApplicationFilterChain.internalDoFilter(ApplicationFilterChain.java:189)
	at org.apache.catalina.core.ApplicationFilterChain.doFilter(ApplicationFilterChain.java:162)
	at org.springframework.boot.actuate.metrics.web.servlet.WebMvcMetricsFilter.doFilterInternal(WebMvcMetricsFilter.java:93)
	at org.springframework.web.filter.OncePerRequestFilter.doFilter(OncePerRequestFilter.java:119)
	at org.apache.catalina.core.ApplicationFilterChain.internalDoFilter(ApplicationFilterChain.java:189)
	at org.apache.catalina.core.ApplicationFilterChain.doFilter(ApplicationFilterChain.java:162)
	at org.springframework.web.filter.CharacterEncodingFilter.doFilterInternal(CharacterEncodingFilter.java:201)
	at org.springframework.web.filter.OncePerRequestFilter.doFilter(OncePerRequestFilter.java:119)
	at org.apache.catalina.core.ApplicationFilterChain.internalDoFilter(ApplicationFilterChain.java:189)
	at org.apache.catalina.core.ApplicationFilterChain.doFilter(ApplicationFilterChain.java:162)
	at org.apache.catalina.core.StandardWrapperValve.invoke(StandardWrapperValve.java:202)
	at org.apache.catalina.core.StandardContextValve.invoke(StandardContextValve.java:97)
	at org.apache.catalina.authenticator.AuthenticatorBase.invoke(AuthenticatorBase.java:542)
	at org.apache.catalina.core.StandardHostValve.invoke(StandardHostValve.java:143)
	at org.apache.catalina.valves.ErrorReportValve.invoke(ErrorReportValve.java:92)
	at org.apache.catalina.core.StandardEngineValve.invoke(StandardEngineValve.java:78)
	at org.apache.catalina.connector.CoyoteAdapter.service(CoyoteAdapter.java:357)
	at org.apache.coyote.http11.Http11Processor.service(Http11Processor.java:374)
	at org.apache.coyote.AbstractProcessorLight.process(AbstractProcessorLight.java:65)
	at org.apache.coyote.AbstractProtocol$ConnectionHandler.process(AbstractProtocol.java:893)
	at org.apache.tomcat.util.net.NioEndpoint$SocketProcessor.doRun(NioEndpoint.java:1707)
	at org.apache.tomcat.util.net.SocketProcessorBase.run(SocketProcessorBase.java:49)
	at java.base/java.util.concurrent.ThreadPoolExecutor.runWorker(ThreadPoolExecutor.java:1128)
	at java.base/java.util.concurrent.ThreadPoolExecutor$Worker.run(ThreadPoolExecutor.java:628)
	at org.apache.tomcat.util.threads.TaskThread$WrappingRunnable.run(TaskThread.java:61)
	at java.base/java.lang.Thread.run(Thread.java:834)
2021-04-12 15:53:48,330 INFO com.example.library.interceptor.LoggerInterceptor [http-nio-8080-exec-8] [preHandle][GET]/error Session id: B96E90B3E3C768ABEAC7EDED846762F8
